<?xml version="1.0" encoding="UTF-8"?>
<testsuite xmlns:xsi="http://www.w3.org/2001/XMLSchema-instance" xsi:noNamespaceSchemaLocation="https://maven.apache.org/surefire/maven-surefire-plugin/xsd/surefire-test-report-3.0.xsd" version="3.0" name="it.isa.tests.AppTest" time="0.266" tests="3" errors="0" skipped="1" failures="0">
  <properties>
[...]
</properties>
  <testcase name="shouldAnswerWithTrue" classname="it.isa.tests.AppTest" time="0.112">
    <system-out><![CDATA[Before All
Before Each
Eseguo metodo TRUE
]]></system-out>
  </testcase>
  <testcase name="shouldAnswerWithFalse" classname="it.isa.tests.AppTest" time="0.008">
    <system-out><![CDATA[Before Each
eseguo metodo FALSE
]]></system-out>
  </testcase>
  <testcase name="shouldSleep" classname="it.isa.tests.AppTest" time="0">
    <skipped message="public void it.isa.tests.AppTest.shouldSleep() is @Disabled"/>
  </testcase>
</testsuite>